2025-11-01 14:07:25,457 - scheduler - INFO - 启动定时任务调度器...
2025-11-01 14:07:25,486 - scheduler - ERROR - 加载函数 account:update_account_data 失败: module 'account' has no attribute 'update_account_data'
2025-11-01 14:07:25,486 - scheduler - ERROR - 注册任务 account_update 失败: module 'account' has no attribute 'update_account_data'
2025-11-01 14:07:25,486 - apscheduler.scheduler - INFO - Adding job tentatively -- it will be properly scheduled when the scheduler starts
2025-11-01 14:07:25,486 - scheduler - INFO - 已注册 1 个任务
2025-11-01 14:07:25,486 - scheduler - INFO - 调度器开始运行...
2025-11-01 14:07:25,486 - apscheduler.scheduler - INFO - Added job "示例任务" to job store "default"
2025-11-01 14:07:25,486 - apscheduler.scheduler - INFO - Scheduler started
2025-11-01 14:07:55,490 - apscheduler.executors.default - INFO - Running job "示例任务 (trigger: interval[0:00:30], next run at: 2025-11-01 14:07:55 CST)" (scheduled at 2025-11-01 14:07:55.486712+08:00)
2025-11-01 14:07:55,490 - scheduler - INFO - 示例任务执行于: 2025-11-01 14:07:55.490892
2025-11-01 14:07:55,491 - apscheduler.executors.default - INFO - Job "示例任务 (trigger: interval[0:00:30], next run at: 2025-11-01 14:08:25 CST)" executed successfully
2025-11-01 14:08:21,499 - scheduler - INFO - 启动定时任务调度器...
2025-11-01 14:08:21,510 - scheduler - ERROR - 加载函数 account:update_account_data 失败: module 'account' has no attribute 'update_account_data'
2025-11-01 14:08:21,510 - scheduler - ERROR - 注册任务 account_update 失败: module 'account' has no attribute 'update_account_data'
2025-11-01 14:08:21,510 - apscheduler.scheduler - INFO - Adding job tentatively -- it will be properly scheduled when the scheduler starts
2025-11-01 14:08:21,510 - scheduler - INFO - 已注册 1 个任务
2025-11-01 14:08:21,510 - scheduler - INFO - 调度器开始运行...
2025-11-01 14:08:21,510 - apscheduler.scheduler - INFO - Added job "示例任务" to job store "default"
2025-11-01 14:08:21,510 - apscheduler.scheduler - INFO - Scheduler started
2025-11-01 14:08:26,516 - apscheduler.executors.default - INFO - Running job "示例任务 (trigger: interval[0:00:05], next run at: 2025-11-01 14:08:26 CST)" (scheduled at 2025-11-01 14:08:26.510371+08:00)
2025-11-01 14:08:26,517 - scheduler - INFO - 示例任务执行于: 2025-11-01 14:08:26.517281
2025-11-01 14:08:26,517 - apscheduler.executors.default - INFO - Job "示例任务 (trigger: interval[0:00:05], next run at: 2025-11-01 14:08:31 CST)" executed successfully
2025-11-01 14:08:31,516 - apscheduler.executors.default - INFO - Running job "示例任务 (trigger: interval[0:00:05], next run at: 2025-11-01 14:08:36 CST)" (scheduled at 2025-11-01 14:08:31.510371+08:00)
2025-11-01 14:08:31,516 - scheduler - INFO - 示例任务执行于: 2025-11-01 14:08:31.516845
2025-11-01 14:08:31,517 - apscheduler.executors.default - INFO - Job "示例任务 (trigger: interval[0:00:05], next run at: 2025-11-01 14:08:36 CST)" executed successfully
2025-11-01 14:08:36,516 - apscheduler.executors.default - INFO - Running job "示例任务 (trigger: interval[0:00:05], next run at: 2025-11-01 14:08:41 CST)" (scheduled at 2025-11-01 14:08:36.510371+08:00)
2025-11-01 14:08:36,516 - scheduler - INFO - 示例任务执行于: 2025-11-01 14:08:36.516728
2025-11-01 14:08:36,516 - apscheduler.executors.default - INFO - Job "示例任务 (trigger: interval[0:00:05], next run at: 2025-11-01 14:08:41 CST)" executed successfully
2025-11-01 14:08:41,513 - apscheduler.executors.default - INFO - Running job "示例任务 (trigger: interval[0:00:05], next run at: 2025-11-01 14:08:46 CST)" (scheduled at 2025-11-01 14:08:41.510371+08:00)
2025-11-01 14:08:41,514 - scheduler - INFO - 示例任务执行于: 2025-11-01 14:08:41.514132
2025-11-01 14:08:41,514 - apscheduler.executors.default - INFO - Job "示例任务 (trigger: interval[0:00:05], next run at: 2025-11-01 14:08:46 CST)" executed successfully
2025-11-01 14:08:46,516 - apscheduler.executors.default - INFO - Running job "示例任务 (trigger: interval[0:00:05], next run at: 2025-11-01 14:08:51 CST)" (scheduled at 2025-11-01 14:08:46.510371+08:00)
2025-11-01 14:08:46,516 - scheduler - INFO - 示例任务执行于: 2025-11-01 14:08:46.516624
2025-11-01 14:08:46,516 - apscheduler.executors.default - INFO - Job "示例任务 (trigger: interval[0:00:05], next run at: 2025-11-01 14:08:51 CST)" executed successfully
2025-11-01 14:09:39,790 - scheduler - INFO - 启动定时任务调度器...
2025-11-01 14:09:39,807 - scheduler - ERROR - 加载函数 account:update_account_data 失败: module 'account' has no attribute 'update_account_data'
2025-11-01 14:09:39,807 - scheduler - ERROR - 注册任务 account_update 失败: module 'account' has no attribute 'update_account_data'
2025-11-01 14:09:39,807 - apscheduler.scheduler - INFO - Adding job tentatively -- it will be properly scheduled when the scheduler starts
2025-11-01 14:09:39,807 - scheduler - INFO - 已注册 1 个任务
2025-11-01 14:09:39,807 - scheduler - INFO - 调度器开始运行...
2025-11-01 14:09:39,807 - apscheduler.scheduler - INFO - Added job "示例任务" to job store "default"
2025-11-01 14:09:39,807 - apscheduler.scheduler - INFO - Scheduler started
2025-11-01 14:09:44,811 - apscheduler.executors.default - INFO - Running job "示例任务 (trigger: interval[0:00:05], next run at: 2025-11-01 14:09:44 CST)" (scheduled at 2025-11-01 14:09:44.807298+08:00)
2025-11-01 14:09:44,811 - scheduler - INFO - 示例任务执行于: 2025-11-01 14:09:44.811848
2025-11-01 14:09:44,812 - apscheduler.executors.default - INFO - Job "示例任务 (trigger: interval[0:00:05], next run at: 2025-11-01 14:09:49 CST)" executed successfully
2025-11-01 14:09:49,810 - apscheduler.executors.default - INFO - Running job "示例任务 (trigger: interval[0:00:05], next run at: 2025-11-01 14:09:54 CST)" (scheduled at 2025-11-01 14:09:49.807298+08:00)
2025-11-01 14:09:49,811 - scheduler - INFO - 示例任务执行于: 2025-11-01 14:09:49.811037
2025-11-01 14:09:49,811 - apscheduler.executors.default - INFO - Job "示例任务 (trigger: interval[0:00:05], next run at: 2025-11-01 14:09:54 CST)" executed successfully
2025-11-01 14:09:54,808 - apscheduler.executors.default - INFO - Running job "示例任务 (trigger: interval[0:00:05], next run at: 2025-11-01 14:09:59 CST)" (scheduled at 2025-11-01 14:09:54.807298+08:00)
2025-11-01 14:09:54,808 - scheduler - INFO - 示例任务执行于: 2025-11-01 14:09:54.808673
2025-11-01 14:09:54,808 - apscheduler.executors.default - INFO - Job "示例任务 (trigger: interval[0:00:05], next run at: 2025-11-01 14:09:59 CST)" executed successfully
2025-11-01 14:09:59,810 - apscheduler.executors.default - INFO - Running job "示例任务 (trigger: interval[0:00:05], next run at: 2025-11-01 14:10:04 CST)" (scheduled at 2025-11-01 14:09:59.807298+08:00)
2025-11-01 14:09:59,811 - scheduler - INFO - 示例任务执行于: 2025-11-01 14:09:59.810991
2025-11-01 14:09:59,811 - apscheduler.executors.default - INFO - Job "示例任务 (trigger: interval[0:00:05], next run at: 2025-11-01 14:10:04 CST)" executed successfully
2025-11-01 14:10:04,812 - apscheduler.executors.default - INFO - Running job "示例任务 (trigger: interval[0:00:05], next run at: 2025-11-01 14:10:09 CST)" (scheduled at 2025-11-01 14:10:04.807298+08:00)
2025-11-01 14:10:04,812 - scheduler - INFO - 示例任务执行于: 2025-11-01 14:10:04.812688
2025-11-01 14:10:04,812 - apscheduler.executors.default - INFO - Job "示例任务 (trigger: interval[0:00:05], next run at: 2025-11-01 14:10:09 CST)" executed successfully
2025-11-01 14:10:09,813 - apscheduler.executors.default - INFO - Running job "示例任务 (trigger: interval[0:00:05], next run at: 2025-11-01 14:10:14 CST)" (scheduled at 2025-11-01 14:10:09.807298+08:00)
2025-11-01 14:10:09,813 - scheduler - INFO - 示例任务执行于: 2025-11-01 14:10:09.813534
2025-11-01 14:10:09,813 - apscheduler.executors.default - INFO - Job "示例任务 (trigger: interval[0:00:05], next run at: 2025-11-01 14:10:14 CST)" executed successfully
2025-11-01 14:10:14,808 - apscheduler.executors.default - INFO - Running job "示例任务 (trigger: interval[0:00:05], next run at: 2025-11-01 14:10:19 CST)" (scheduled at 2025-11-01 14:10:14.807298+08:00)
2025-11-01 14:10:14,809 - scheduler - INFO - 示例任务执行于: 2025-11-01 14:10:14.809436
2025-11-01 14:10:14,809 - apscheduler.executors.default - INFO - Job "示例任务 (trigger: interval[0:00:05], next run at: 2025-11-01 14:10:19 CST)" executed successfully
2025-11-01 14:10:19,808 - apscheduler.executors.default - INFO - Running job "示例任务 (trigger: interval[0:00:05], next run at: 2025-11-01 14:10:24 CST)" (scheduled at 2025-11-01 14:10:19.807298+08:00)
2025-11-01 14:10:19,808 - scheduler - INFO - 示例任务执行于: 2025-11-01 14:10:19.808589
2025-11-01 14:10:19,808 - apscheduler.executors.default - INFO - Job "示例任务 (trigger: interval[0:00:05], next run at: 2025-11-01 14:10:24 CST)" executed successfully
2025-11-01 14:10:21,342 - scheduler - INFO - 接收到中断信号，正在关闭调度器...
2025-11-01 14:10:21,342 - apscheduler.scheduler - INFO - Scheduler has been shut down
2025-11-01 14:10:21,342 - scheduler - INFO - 调度器已关闭
2025-11-01 14:11:37,426 - scheduler - INFO - 启动定时任务调度器...
2025-11-01 14:11:37,439 - apscheduler.scheduler - INFO - Adding job tentatively -- it will be properly scheduled when the scheduler starts
2025-11-01 14:11:37,439 - scheduler - INFO - 成功注册任务: 账户数据更新
2025-11-01 14:11:37,439 - apscheduler.scheduler - INFO - Adding job tentatively -- it will be properly scheduled when the scheduler starts
2025-11-01 14:11:37,439 - scheduler - INFO - 已注册 2 个任务
2025-11-01 14:11:37,439 - scheduler - INFO - 调度器开始运行...
2025-11-01 14:11:37,439 - apscheduler.scheduler - INFO - Added job "账户数据更新" to job store "default"
2025-11-01 14:11:37,439 - apscheduler.scheduler - INFO - Added job "示例任务" to job store "default"
2025-11-01 14:11:37,439 - apscheduler.scheduler - INFO - Scheduler started
2025-11-01 14:11:42,444 - apscheduler.executors.default - INFO - Running job "示例任务 (trigger: interval[0:00:05], next run at: 2025-11-01 14:11:42 CST)" (scheduled at 2025-11-01 14:11:42.439485+08:00)
2025-11-01 14:11:42,445 - scheduler - INFO - 示例任务执行于: 2025-11-01 14:11:42.445144
2025-11-01 14:11:42,445 - apscheduler.executors.default - INFO - Job "示例任务 (trigger: interval[0:00:05], next run at: 2025-11-01 14:11:47 CST)" executed successfully
2025-11-01 14:11:47,445 - apscheduler.executors.default - INFO - Running job "示例任务 (trigger: interval[0:00:05], next run at: 2025-11-01 14:11:52 CST)" (scheduled at 2025-11-01 14:11:47.439485+08:00)
2025-11-01 14:11:47,445 - scheduler - INFO - 示例任务执行于: 2025-11-01 14:11:47.445924
2025-11-01 14:11:47,446 - apscheduler.executors.default - INFO - Job "示例任务 (trigger: interval[0:00:05], next run at: 2025-11-01 14:11:52 CST)" executed successfully
2025-11-01 14:11:52,444 - apscheduler.executors.default - INFO - Running job "示例任务 (trigger: interval[0:00:05], next run at: 2025-11-01 14:11:57 CST)" (scheduled at 2025-11-01 14:11:52.439485+08:00)
2025-11-01 14:11:52,445 - scheduler - INFO - 示例任务执行于: 2025-11-01 14:11:52.445108
2025-11-01 14:11:52,445 - apscheduler.executors.default - INFO - Job "示例任务 (trigger: interval[0:00:05], next run at: 2025-11-01 14:11:57 CST)" executed successfully
2025-11-01 14:11:57,445 - apscheduler.executors.default - INFO - Running job "示例任务 (trigger: interval[0:00:05], next run at: 2025-11-01 14:12:02 CST)" (scheduled at 2025-11-01 14:11:57.439485+08:00)
2025-11-01 14:11:57,445 - scheduler - INFO - 示例任务执行于: 2025-11-01 14:11:57.445683
2025-11-01 14:11:57,445 - apscheduler.executors.default - INFO - Job "示例任务 (trigger: interval[0:00:05], next run at: 2025-11-01 14:12:02 CST)" executed successfully
2025-11-01 14:12:02,444 - apscheduler.executors.default - INFO - Running job "示例任务 (trigger: interval[0:00:05], next run at: 2025-11-01 14:12:07 CST)" (scheduled at 2025-11-01 14:12:02.439485+08:00)
2025-11-01 14:12:02,444 - scheduler - INFO - 示例任务执行于: 2025-11-01 14:12:02.444907
2025-11-01 14:12:02,445 - apscheduler.executors.default - INFO - Job "示例任务 (trigger: interval[0:00:05], next run at: 2025-11-01 14:12:07 CST)" executed successfully
2025-11-01 14:12:07,444 - apscheduler.executors.default - INFO - Running job "示例任务 (trigger: interval[0:00:05], next run at: 2025-11-01 14:12:12 CST)" (scheduled at 2025-11-01 14:12:07.439485+08:00)
2025-11-01 14:12:07,444 - scheduler - INFO - 示例任务执行于: 2025-11-01 14:12:07.444520
2025-11-01 14:12:07,444 - apscheduler.executors.default - INFO - Job "示例任务 (trigger: interval[0:00:05], next run at: 2025-11-01 14:12:12 CST)" executed successfully
2025-11-01 14:17:14,868 - scheduler - INFO - 启动定时任务调度器...
2025-11-01 14:17:14,879 - apscheduler.scheduler - INFO - Adding job tentatively -- it will be properly scheduled when the scheduler starts
2025-11-01 14:17:14,879 - scheduler - INFO - 成功注册任务: 账户数据更新
2025-11-01 14:17:14,879 - scheduler - ERROR - 加载函数 start_stock_monitor 失败: not enough values to unpack (expected 2, got 1)
2025-11-01 14:17:14,879 - scheduler - ERROR - 注册任务 start_stock_monitor 失败: not enough values to unpack (expected 2, got 1)
2025-11-01 14:17:14,879 - scheduler - ERROR - 加载函数 stop_stock_monitor 失败: not enough values to unpack (expected 2, got 1)
2025-11-01 14:17:14,879 - scheduler - ERROR - 注册任务 stop_stock_monitor 失败: not enough values to unpack (expected 2, got 1)
2025-11-01 14:17:14,879 - apscheduler.scheduler - INFO - Adding job tentatively -- it will be properly scheduled when the scheduler starts
2025-11-01 14:17:14,879 - scheduler - INFO - 已注册 2 个任务
2025-11-01 14:17:14,879 - scheduler - INFO - 调度器开始运行...
2025-11-01 14:17:14,879 - apscheduler.scheduler - INFO - Added job "账户数据更新" to job store "default"
2025-11-01 14:17:14,879 - apscheduler.scheduler - INFO - Added job "示例任务" to job store "default"
2025-11-01 14:17:14,879 - apscheduler.scheduler - INFO - Scheduler started
2025-11-01 14:17:19,885 - apscheduler.executors.default - INFO - Running job "示例任务 (trigger: interval[0:00:05], next run at: 2025-11-01 14:17:19 CST)" (scheduled at 2025-11-01 14:17:19.879497+08:00)
2025-11-01 14:17:19,885 - scheduler - INFO - 示例任务执行于: 2025-11-01 14:17:19.885372
2025-11-01 14:17:19,885 - apscheduler.executors.default - INFO - Job "示例任务 (trigger: interval[0:00:05], next run at: 2025-11-01 14:17:24 CST)" executed successfully
2025-11-01 14:17:24,883 - apscheduler.executors.default - INFO - Running job "示例任务 (trigger: interval[0:00:05], next run at: 2025-11-01 14:17:29 CST)" (scheduled at 2025-11-01 14:17:24.879497+08:00)
2025-11-01 14:17:24,884 - scheduler - INFO - 示例任务执行于: 2025-11-01 14:17:24.884177
2025-11-01 14:17:24,884 - apscheduler.executors.default - INFO - Job "示例任务 (trigger: interval[0:00:05], next run at: 2025-11-01 14:17:29 CST)" executed successfully
2025-11-01 14:17:29,884 - apscheduler.executors.default - INFO - Running job "示例任务 (trigger: interval[0:00:05], next run at: 2025-11-01 14:17:34 CST)" (scheduled at 2025-11-01 14:17:29.879497+08:00)
2025-11-01 14:17:29,885 - scheduler - INFO - 示例任务执行于: 2025-11-01 14:17:29.885025
2025-11-01 14:17:29,885 - apscheduler.executors.default - INFO - Job "示例任务 (trigger: interval[0:00:05], next run at: 2025-11-01 14:17:34 CST)" executed successfully
2025-11-01 14:17:34,884 - apscheduler.executors.default - INFO - Running job "示例任务 (trigger: interval[0:00:05], next run at: 2025-11-01 14:17:39 CST)" (scheduled at 2025-11-01 14:17:34.879497+08:00)
2025-11-01 14:17:34,884 - scheduler - INFO - 示例任务执行于: 2025-11-01 14:17:34.884431
2025-11-01 14:17:34,884 - apscheduler.executors.default - INFO - Job "示例任务 (trigger: interval[0:00:05], next run at: 2025-11-01 14:17:39 CST)" executed successfully
2025-11-01 14:17:39,879 - apscheduler.executors.default - INFO - Running job "示例任务 (trigger: interval[0:00:05], next run at: 2025-11-01 14:17:44 CST)" (scheduled at 2025-11-01 14:17:39.879497+08:00)
2025-11-01 14:17:39,879 - scheduler - INFO - 示例任务执行于: 2025-11-01 14:17:39.879989
2025-11-01 14:17:39,880 - apscheduler.executors.default - INFO - Job "示例任务 (trigger: interval[0:00:05], next run at: 2025-11-01 14:17:44 CST)" executed successfully
2025-11-01 14:17:44,884 - apscheduler.executors.default - INFO - Running job "示例任务 (trigger: interval[0:00:05], next run at: 2025-11-01 14:17:49 CST)" (scheduled at 2025-11-01 14:17:44.879497+08:00)
2025-11-01 14:17:44,884 - scheduler - INFO - 示例任务执行于: 2025-11-01 14:17:44.884909
2025-11-01 14:17:44,885 - apscheduler.executors.default - INFO - Job "示例任务 (trigger: interval[0:00:05], next run at: 2025-11-01 14:17:49 CST)" executed successfully
2025-11-01 14:17:49,884 - apscheduler.executors.default - INFO - Running job "示例任务 (trigger: interval[0:00:05], next run at: 2025-11-01 14:17:54 CST)" (scheduled at 2025-11-01 14:17:49.879497+08:00)
2025-11-01 14:17:49,884 - scheduler - INFO - 示例任务执行于: 2025-11-01 14:17:49.884774
2025-11-01 14:17:49,884 - apscheduler.executors.default - INFO - Job "示例任务 (trigger: interval[0:00:05], next run at: 2025-11-01 14:17:54 CST)" executed successfully
2025-11-01 14:17:54,883 - apscheduler.executors.default - INFO - Running job "示例任务 (trigger: interval[0:00:05], next run at: 2025-11-01 14:17:59 CST)" (scheduled at 2025-11-01 14:17:54.879497+08:00)
2025-11-01 14:17:54,883 - scheduler - INFO - 示例任务执行于: 2025-11-01 14:17:54.883757
2025-11-01 14:17:54,883 - apscheduler.executors.default - INFO - Job "示例任务 (trigger: interval[0:00:05], next run at: 2025-11-01 14:17:59 CST)" executed successfully
2025-11-01 14:17:59,884 - apscheduler.executors.default - INFO - Running job "示例任务 (trigger: interval[0:00:05], next run at: 2025-11-01 14:18:04 CST)" (scheduled at 2025-11-01 14:17:59.879497+08:00)
2025-11-01 14:17:59,884 - scheduler - INFO - 示例任务执行于: 2025-11-01 14:17:59.884753
2025-11-01 14:17:59,884 - apscheduler.executors.default - INFO - Job "示例任务 (trigger: interval[0:00:05], next run at: 2025-11-01 14:18:04 CST)" executed successfully
2025-11-01 14:18:10,388 - scheduler - INFO - 启动定时任务调度器...
2025-11-01 14:18:10,399 - apscheduler.scheduler - INFO - Adding job tentatively -- it will be properly scheduled when the scheduler starts
2025-11-01 14:18:10,399 - scheduler - INFO - 成功注册任务: 账户数据更新
2025-11-01 14:18:10,399 - apscheduler.scheduler - INFO - Adding job tentatively -- it will be properly scheduled when the scheduler starts
2025-11-01 14:18:10,399 - apscheduler.scheduler - INFO - Adding job tentatively -- it will be properly scheduled when the scheduler starts
2025-11-01 14:18:10,399 - apscheduler.scheduler - INFO - Adding job tentatively -- it will be properly scheduled when the scheduler starts
2025-11-01 14:18:10,399 - scheduler - INFO - 已注册 4 个任务
2025-11-01 14:18:10,399 - scheduler - INFO - 调度器开始运行...
2025-11-01 14:18:10,399 - apscheduler.scheduler - INFO - Added job "账户数据更新" to job store "default"
2025-11-01 14:18:10,399 - apscheduler.scheduler - INFO - Added job "示例任务" to job store "default"
2025-11-01 14:18:10,399 - apscheduler.scheduler - INFO - Added job "启动股票监控" to job store "default"
2025-11-01 14:18:10,400 - apscheduler.scheduler - INFO - Added job "停止股票监控" to job store "default"
2025-11-01 14:18:10,400 - apscheduler.scheduler - INFO - Scheduler started
2025-11-01 14:18:15,401 - apscheduler.executors.default - INFO - Running job "示例任务 (trigger: interval[0:00:05], next run at: 2025-11-01 14:18:15 CST)" (scheduled at 2025-11-01 14:18:15.399578+08:00)
2025-11-01 14:18:15,401 - scheduler - INFO - 示例任务执行于: 2025-11-01 14:18:15.401725
2025-11-01 14:18:15,401 - apscheduler.executors.default - INFO - Job "示例任务 (trigger: interval[0:00:05], next run at: 2025-11-01 14:18:20 CST)" executed successfully
2025-11-01 14:18:20,404 - apscheduler.executors.default - INFO - Running job "示例任务 (trigger: interval[0:00:05], next run at: 2025-11-01 14:18:25 CST)" (scheduled at 2025-11-01 14:18:20.399578+08:00)
2025-11-01 14:18:20,404 - scheduler - INFO - 示例任务执行于: 2025-11-01 14:18:20.404522
2025-11-01 14:18:20,404 - apscheduler.executors.default - INFO - Job "示例任务 (trigger: interval[0:00:05], next run at: 2025-11-01 14:18:25 CST)" executed successfully
2025-11-01 14:18:25,405 - apscheduler.executors.default - INFO - Running job "示例任务 (trigger: interval[0:00:05], next run at: 2025-11-01 14:18:30 CST)" (scheduled at 2025-11-01 14:18:25.399578+08:00)
2025-11-01 14:18:25,405 - scheduler - INFO - 示例任务执行于: 2025-11-01 14:18:25.405875
2025-11-01 14:18:25,406 - apscheduler.executors.default - INFO - Job "示例任务 (trigger: interval[0:00:05], next run at: 2025-11-01 14:18:30 CST)" executed successfully
2025-11-01 14:18:30,400 - apscheduler.executors.default - INFO - Running job "示例任务 (trigger: interval[0:00:05], next run at: 2025-11-01 14:18:35 CST)" (scheduled at 2025-11-01 14:18:30.399578+08:00)
2025-11-01 14:18:30,400 - scheduler - INFO - 示例任务执行于: 2025-11-01 14:18:30.400782
2025-11-01 14:18:30,400 - apscheduler.executors.default - INFO - Job "示例任务 (trigger: interval[0:00:05], next run at: 2025-11-01 14:18:35 CST)" executed successfully
2025-11-01 14:18:35,402 - apscheduler.executors.default - INFO - Running job "示例任务 (trigger: interval[0:00:05], next run at: 2025-11-01 14:18:40 CST)" (scheduled at 2025-11-01 14:18:35.399578+08:00)
2025-11-01 14:18:35,403 - scheduler - INFO - 示例任务执行于: 2025-11-01 14:18:35.403291
2025-11-01 14:18:35,403 - apscheduler.executors.default - INFO - Job "示例任务 (trigger: interval[0:00:05], next run at: 2025-11-01 14:18:40 CST)" executed successfully
2025-11-01 14:18:40,404 - apscheduler.executors.default - INFO - Running job "示例任务 (trigger: interval[0:00:05], next run at: 2025-11-01 14:18:45 CST)" (scheduled at 2025-11-01 14:18:40.399578+08:00)
2025-11-01 14:18:40,405 - scheduler - INFO - 示例任务执行于: 2025-11-01 14:18:40.405031
2025-11-01 14:18:40,405 - apscheduler.executors.default - INFO - Job "示例任务 (trigger: interval[0:00:05], next run at: 2025-11-01 14:18:45 CST)" executed successfully
2025-11-01 14:18:45,401 - apscheduler.executors.default - INFO - Running job "示例任务 (trigger: interval[0:00:05], next run at: 2025-11-01 14:18:50 CST)" (scheduled at 2025-11-01 14:18:45.399578+08:00)
2025-11-01 14:18:45,402 - scheduler - INFO - 示例任务执行于: 2025-11-01 14:18:45.402419
2025-11-01 14:18:45,402 - apscheduler.executors.default - INFO - Job "示例任务 (trigger: interval[0:00:05], next run at: 2025-11-01 14:18:50 CST)" executed successfully
2025-11-01 14:18:50,405 - apscheduler.executors.default - INFO - Running job "示例任务 (trigger: interval[0:00:05], next run at: 2025-11-01 14:18:55 CST)" (scheduled at 2025-11-01 14:18:50.399578+08:00)
2025-11-01 14:18:50,405 - scheduler - INFO - 示例任务执行于: 2025-11-01 14:18:50.405852
2025-11-01 14:18:50,406 - apscheduler.executors.default - INFO - Job "示例任务 (trigger: interval[0:00:05], next run at: 2025-11-01 14:18:55 CST)" executed successfully
2025-11-01 14:18:55,403 - apscheduler.executors.default - INFO - Running job "示例任务 (trigger: interval[0:00:05], next run at: 2025-11-01 14:19:00 CST)" (scheduled at 2025-11-01 14:18:55.399578+08:00)
2025-11-01 14:18:55,403 - scheduler - INFO - 示例任务执行于: 2025-11-01 14:18:55.403881
2025-11-01 14:18:55,403 - apscheduler.executors.default - INFO - Job "示例任务 (trigger: interval[0:00:05], next run at: 2025-11-01 14:19:00 CST)" executed successfully
2025-11-01 14:19:00,405 - apscheduler.executors.default - INFO - Running job "示例任务 (trigger: interval[0:00:05], next run at: 2025-11-01 14:19:05 CST)" (scheduled at 2025-11-01 14:19:00.399578+08:00)
2025-11-01 14:19:00,405 - scheduler - INFO - 示例任务执行于: 2025-11-01 14:19:00.405842
2025-11-01 14:19:00,406 - apscheduler.executors.default - INFO - Job "示例任务 (trigger: interval[0:00:05], next run at: 2025-11-01 14:19:05 CST)" executed successfully
2025-11-01 14:19:05,405 - apscheduler.executors.default - INFO - Running job "示例任务 (trigger: interval[0:00:05], next run at: 2025-11-01 14:19:10 CST)" (scheduled at 2025-11-01 14:19:05.399578+08:00)
2025-11-01 14:19:05,405 - scheduler - INFO - 示例任务执行于: 2025-11-01 14:19:05.405753
2025-11-01 14:19:05,405 - apscheduler.executors.default - INFO - Job "示例任务 (trigger: interval[0:00:05], next run at: 2025-11-01 14:19:10 CST)" executed successfully
2025-11-01 14:19:10,400 - apscheduler.executors.default - INFO - Running job "示例任务 (trigger: interval[0:00:05], next run at: 2025-11-01 14:19:15 CST)" (scheduled at 2025-11-01 14:19:10.399578+08:00)
2025-11-01 14:19:10,401 - scheduler - INFO - 示例任务执行于: 2025-11-01 14:19:10.401077
2025-11-01 14:19:10,401 - apscheduler.executors.default - INFO - Job "示例任务 (trigger: interval[0:00:05], next run at: 2025-11-01 14:19:15 CST)" executed successfully
2025-11-01 14:19:15,405 - apscheduler.executors.default - INFO - Running job "示例任务 (trigger: interval[0:00:05], next run at: 2025-11-01 14:19:20 CST)" (scheduled at 2025-11-01 14:19:15.399578+08:00)
2025-11-01 14:19:15,405 - scheduler - INFO - 示例任务执行于: 2025-11-01 14:19:15.405758
2025-11-01 14:19:15,405 - apscheduler.executors.default - INFO - Job "示例任务 (trigger: interval[0:00:05], next run at: 2025-11-01 14:19:20 CST)" executed successfully
2025-11-01 14:19:20,403 - apscheduler.executors.default - INFO - Running job "示例任务 (trigger: interval[0:00:05], next run at: 2025-11-01 14:19:25 CST)" (scheduled at 2025-11-01 14:19:20.399578+08:00)
2025-11-01 14:19:20,403 - scheduler - INFO - 示例任务执行于: 2025-11-01 14:19:20.403741
2025-11-01 14:19:20,403 - apscheduler.executors.default - INFO - Job "示例任务 (trigger: interval[0:00:05], next run at: 2025-11-01 14:19:25 CST)" executed successfully
2025-11-01 14:19:25,401 - apscheduler.executors.default - INFO - Running job "示例任务 (trigger: interval[0:00:05], next run at: 2025-11-01 14:19:30 CST)" (scheduled at 2025-11-01 14:19:25.399578+08:00)
2025-11-01 14:19:25,402 - scheduler - INFO - 示例任务执行于: 2025-11-01 14:19:25.402176
2025-11-01 14:19:25,402 - apscheduler.executors.default - INFO - Job "示例任务 (trigger: interval[0:00:05], next run at: 2025-11-01 14:19:30 CST)" executed successfully
2025-11-01 14:19:30,404 - apscheduler.executors.default - INFO - Running job "示例任务 (trigger: interval[0:00:05], next run at: 2025-11-01 14:19:35 CST)" (scheduled at 2025-11-01 14:19:30.399578+08:00)
2025-11-01 14:19:30,404 - scheduler - INFO - 示例任务执行于: 2025-11-01 14:19:30.404590
2025-11-01 14:19:30,404 - apscheduler.executors.default - INFO - Job "示例任务 (trigger: interval[0:00:05], next run at: 2025-11-01 14:19:35 CST)" executed successfully
2025-11-01 14:19:35,401 - apscheduler.executors.default - INFO - Running job "示例任务 (trigger: interval[0:00:05], next run at: 2025-11-01 14:19:40 CST)" (scheduled at 2025-11-01 14:19:35.399578+08:00)
2025-11-01 14:19:35,401 - scheduler - INFO - 示例任务执行于: 2025-11-01 14:19:35.401634
2025-11-01 14:19:35,401 - apscheduler.executors.default - INFO - Job "示例任务 (trigger: interval[0:00:05], next run at: 2025-11-01 14:19:40 CST)" executed successfully
2025-11-01 14:19:40,405 - apscheduler.executors.default - INFO - Running job "示例任务 (trigger: interval[0:00:05], next run at: 2025-11-01 14:19:45 CST)" (scheduled at 2025-11-01 14:19:40.399578+08:00)
2025-11-01 14:19:40,405 - scheduler - INFO - 示例任务执行于: 2025-11-01 14:19:40.405391
2025-11-01 14:19:40,405 - apscheduler.executors.default - INFO - Job "示例任务 (trigger: interval[0:00:05], next run at: 2025-11-01 14:19:45 CST)" executed successfully
2025-11-01 14:19:45,400 - apscheduler.executors.default - INFO - Running job "示例任务 (trigger: interval[0:00:05], next run at: 2025-11-01 14:19:50 CST)" (scheduled at 2025-11-01 14:19:45.399578+08:00)
2025-11-01 14:19:45,400 - scheduler - INFO - 示例任务执行于: 2025-11-01 14:19:45.400447
2025-11-01 14:19:45,400 - apscheduler.executors.default - INFO - Job "示例任务 (trigger: interval[0:00:05], next run at: 2025-11-01 14:19:50 CST)" executed successfully
2025-11-01 14:19:50,404 - apscheduler.executors.default - INFO - Running job "示例任务 (trigger: interval[0:00:05], next run at: 2025-11-01 14:19:55 CST)" (scheduled at 2025-11-01 14:19:50.399578+08:00)
2025-11-01 14:19:50,404 - scheduler - INFO - 示例任务执行于: 2025-11-01 14:19:50.404731
2025-11-01 14:19:50,404 - apscheduler.executors.default - INFO - Job "示例任务 (trigger: interval[0:00:05], next run at: 2025-11-01 14:19:55 CST)" executed successfully
2025-11-01 14:19:55,402 - apscheduler.executors.default - INFO - Running job "示例任务 (trigger: interval[0:00:05], next run at: 2025-11-01 14:20:00 CST)" (scheduled at 2025-11-01 14:19:55.399578+08:00)
2025-11-01 14:19:55,403 - scheduler - INFO - 示例任务执行于: 2025-11-01 14:19:55.403496
2025-11-01 14:19:55,403 - apscheduler.executors.default - INFO - Job "示例任务 (trigger: interval[0:00:05], next run at: 2025-11-01 14:20:00 CST)" executed successfully
2025-11-01 14:20:00,405 - apscheduler.executors.default - INFO - Running job "示例任务 (trigger: interval[0:00:05], next run at: 2025-11-01 14:20:05 CST)" (scheduled at 2025-11-01 14:20:00.399578+08:00)
2025-11-01 14:20:00,405 - scheduler - INFO - 示例任务执行于: 2025-11-01 14:20:00.405744
2025-11-01 14:20:00,405 - apscheduler.executors.default - INFO - Job "示例任务 (trigger: interval[0:00:05], next run at: 2025-11-01 14:20:05 CST)" executed successfully
2025-11-01 14:20:05,405 - apscheduler.executors.default - INFO - Running job "示例任务 (trigger: interval[0:00:05], next run at: 2025-11-01 14:20:10 CST)" (scheduled at 2025-11-01 14:20:05.399578+08:00)
2025-11-01 14:20:05,405 - scheduler - INFO - 示例任务执行于: 2025-11-01 14:20:05.405547
2025-11-01 14:20:05,405 - apscheduler.executors.default - INFO - Job "示例任务 (trigger: interval[0:00:05], next run at: 2025-11-01 14:20:10 CST)" executed successfully
2025-11-01 14:20:10,400 - apscheduler.executors.default - INFO - Running job "示例任务 (trigger: interval[0:00:05], next run at: 2025-11-01 14:20:15 CST)" (scheduled at 2025-11-01 14:20:10.399578+08:00)
2025-11-01 14:20:10,400 - scheduler - INFO - 示例任务执行于: 2025-11-01 14:20:10.400534
2025-11-01 14:20:10,400 - apscheduler.executors.default - INFO - Job "示例任务 (trigger: interval[0:00:05], next run at: 2025-11-01 14:20:15 CST)" executed successfully
2025-11-01 14:20:15,401 - apscheduler.executors.default - INFO - Running job "示例任务 (trigger: interval[0:00:05], next run at: 2025-11-01 14:20:20 CST)" (scheduled at 2025-11-01 14:20:15.399578+08:00)
2025-11-01 14:20:15,401 - scheduler - INFO - 示例任务执行于: 2025-11-01 14:20:15.401306
2025-11-01 14:20:15,401 - apscheduler.executors.default - INFO - Job "示例任务 (trigger: interval[0:00:05], next run at: 2025-11-01 14:20:20 CST)" executed successfully
2025-11-01 14:20:20,404 - apscheduler.executors.default - INFO - Running job "示例任务 (trigger: interval[0:00:05], next run at: 2025-11-01 14:20:25 CST)" (scheduled at 2025-11-01 14:20:20.399578+08:00)
2025-11-01 14:20:20,404 - scheduler - INFO - 示例任务执行于: 2025-11-01 14:20:20.404410
2025-11-01 14:20:20,404 - apscheduler.executors.default - INFO - Job "示例任务 (trigger: interval[0:00:05], next run at: 2025-11-01 14:20:25 CST)" executed successfully
2025-11-01 14:20:25,405 - apscheduler.executors.default - INFO - Running job "示例任务 (trigger: interval[0:00:05], next run at: 2025-11-01 14:20:30 CST)" (scheduled at 2025-11-01 14:20:25.399578+08:00)
2025-11-01 14:20:25,405 - scheduler - INFO - 示例任务执行于: 2025-11-01 14:20:25.405778
2025-11-01 14:20:25,406 - apscheduler.executors.default - INFO - Job "示例任务 (trigger: interval[0:00:05], next run at: 2025-11-01 14:20:30 CST)" executed successfully
2025-11-01 14:20:30,402 - apscheduler.executors.default - INFO - Running job "示例任务 (trigger: interval[0:00:05], next run at: 2025-11-01 14:20:35 CST)" (scheduled at 2025-11-01 14:20:30.399578+08:00)
2025-11-01 14:20:30,403 - scheduler - INFO - 示例任务执行于: 2025-11-01 14:20:30.403379
2025-11-01 14:20:30,403 - apscheduler.executors.default - INFO - Job "示例任务 (trigger: interval[0:00:05], next run at: 2025-11-01 14:20:35 CST)" executed successfully
2025-11-01 14:20:35,403 - apscheduler.executors.default - INFO - Running job "示例任务 (trigger: interval[0:00:05], next run at: 2025-11-01 14:20:40 CST)" (scheduled at 2025-11-01 14:20:35.399578+08:00)
2025-11-01 14:20:35,403 - scheduler - INFO - 示例任务执行于: 2025-11-01 14:20:35.403499
2025-11-01 14:20:35,403 - apscheduler.executors.default - INFO - Job "示例任务 (trigger: interval[0:00:05], next run at: 2025-11-01 14:20:40 CST)" executed successfully
2025-11-01 14:20:40,405 - apscheduler.executors.default - INFO - Running job "示例任务 (trigger: interval[0:00:05], next run at: 2025-11-01 14:20:45 CST)" (scheduled at 2025-11-01 14:20:40.399578+08:00)
2025-11-01 14:20:40,405 - scheduler - INFO - 示例任务执行于: 2025-11-01 14:20:40.405467
2025-11-01 14:20:40,405 - apscheduler.executors.default - INFO - Job "示例任务 (trigger: interval[0:00:05], next run at: 2025-11-01 14:20:45 CST)" executed successfully
2025-11-01 14:20:45,405 - apscheduler.executors.default - INFO - Running job "示例任务 (trigger: interval[0:00:05], next run at: 2025-11-01 14:20:50 CST)" (scheduled at 2025-11-01 14:20:45.399578+08:00)
2025-11-01 14:20:45,405 - scheduler - INFO - 示例任务执行于: 2025-11-01 14:20:45.405746
2025-11-01 14:20:45,405 - apscheduler.executors.default - INFO - Job "示例任务 (trigger: interval[0:00:05], next run at: 2025-11-01 14:20:50 CST)" executed successfully
2025-11-01 14:20:50,402 - apscheduler.executors.default - INFO - Running job "示例任务 (trigger: interval[0:00:05], next run at: 2025-11-01 14:20:55 CST)" (scheduled at 2025-11-01 14:20:50.399578+08:00)
2025-11-01 14:20:50,402 - scheduler - INFO - 示例任务执行于: 2025-11-01 14:20:50.402544
2025-11-01 14:20:50,402 - apscheduler.executors.default - INFO - Job "示例任务 (trigger: interval[0:00:05], next run at: 2025-11-01 14:20:55 CST)" executed successfully
2025-11-01 14:20:55,402 - apscheduler.executors.default - INFO - Running job "示例任务 (trigger: interval[0:00:05], next run at: 2025-11-01 14:21:00 CST)" (scheduled at 2025-11-01 14:20:55.399578+08:00)
2025-11-01 14:20:55,402 - scheduler - INFO - 示例任务执行于: 2025-11-01 14:20:55.402721
2025-11-01 14:20:55,402 - apscheduler.executors.default - INFO - Job "示例任务 (trigger: interval[0:00:05], next run at: 2025-11-01 14:21:00 CST)" executed successfully
2025-11-01 14:21:00,404 - apscheduler.executors.default - INFO - Running job "示例任务 (trigger: interval[0:00:05], next run at: 2025-11-01 14:21:05 CST)" (scheduled at 2025-11-01 14:21:00.399578+08:00)
2025-11-01 14:21:00,405 - scheduler - INFO - 示例任务执行于: 2025-11-01 14:21:00.405265
2025-11-01 14:21:00,405 - apscheduler.executors.default - INFO - Job "示例任务 (trigger: interval[0:00:05], next run at: 2025-11-01 14:21:05 CST)" executed successfully
2025-11-01 14:21:05,402 - apscheduler.executors.default - INFO - Running job "示例任务 (trigger: interval[0:00:05], next run at: 2025-11-01 14:21:10 CST)" (scheduled at 2025-11-01 14:21:05.399578+08:00)
2025-11-01 14:21:05,402 - scheduler - INFO - 示例任务执行于: 2025-11-01 14:21:05.402636
2025-11-01 14:21:05,402 - apscheduler.executors.default - INFO - Job "示例任务 (trigger: interval[0:00:05], next run at: 2025-11-01 14:21:10 CST)" executed successfully
2025-11-01 14:21:10,400 - apscheduler.executors.default - INFO - Running job "示例任务 (trigger: interval[0:00:05], next run at: 2025-11-01 14:21:15 CST)" (scheduled at 2025-11-01 14:21:10.399578+08:00)
2025-11-01 14:21:10,400 - scheduler - INFO - 示例任务执行于: 2025-11-01 14:21:10.400878
2025-11-01 14:21:10,400 - apscheduler.executors.default - INFO - Job "示例任务 (trigger: interval[0:00:05], next run at: 2025-11-01 14:21:15 CST)" executed successfully
2025-11-01 14:21:15,402 - apscheduler.executors.default - INFO - Running job "示例任务 (trigger: interval[0:00:05], next run at: 2025-11-01 14:21:20 CST)" (scheduled at 2025-11-01 14:21:15.399578+08:00)
2025-11-01 14:21:15,402 - scheduler - INFO - 示例任务执行于: 2025-11-01 14:21:15.402574
2025-11-01 14:21:15,402 - apscheduler.executors.default - INFO - Job "示例任务 (trigger: interval[0:00:05], next run at: 2025-11-01 14:21:20 CST)" executed successfully
2025-11-01 14:21:20,404 - apscheduler.executors.default - INFO - Running job "示例任务 (trigger: interval[0:00:05], next run at: 2025-11-01 14:21:25 CST)" (scheduled at 2025-11-01 14:21:20.399578+08:00)
2025-11-01 14:21:20,405 - scheduler - INFO - 示例任务执行于: 2025-11-01 14:21:20.405211
2025-11-01 14:21:20,405 - apscheduler.executors.default - INFO - Job "示例任务 (trigger: interval[0:00:05], next run at: 2025-11-01 14:21:25 CST)" executed successfully
2025-11-01 14:21:25,401 - apscheduler.executors.default - INFO - Running job "示例任务 (trigger: interval[0:00:05], next run at: 2025-11-01 14:21:30 CST)" (scheduled at 2025-11-01 14:21:25.399578+08:00)
2025-11-01 14:21:25,401 - scheduler - INFO - 示例任务执行于: 2025-11-01 14:21:25.401879
2025-11-01 14:21:25,401 - apscheduler.executors.default - INFO - Job "示例任务 (trigger: interval[0:00:05], next run at: 2025-11-01 14:21:30 CST)" executed successfully
2025-11-01 14:21:30,404 - apscheduler.executors.default - INFO - Running job "示例任务 (trigger: interval[0:00:05], next run at: 2025-11-01 14:21:35 CST)" (scheduled at 2025-11-01 14:21:30.399578+08:00)
2025-11-01 14:21:30,405 - scheduler - INFO - 示例任务执行于: 2025-11-01 14:21:30.405332
2025-11-01 14:21:30,405 - apscheduler.executors.default - INFO - Job "示例任务 (trigger: interval[0:00:05], next run at: 2025-11-01 14:21:35 CST)" executed successfully
2025-11-01 14:21:35,404 - apscheduler.executors.default - INFO - Running job "示例任务 (trigger: interval[0:00:05], next run at: 2025-11-01 14:21:40 CST)" (scheduled at 2025-11-01 14:21:35.399578+08:00)
2025-11-01 14:21:35,405 - scheduler - INFO - 示例任务执行于: 2025-11-01 14:21:35.405215
2025-11-01 14:21:35,405 - apscheduler.executors.default - INFO - Job "示例任务 (trigger: interval[0:00:05], next run at: 2025-11-01 14:21:40 CST)" executed successfully
2025-11-01 14:21:40,404 - apscheduler.executors.default - INFO - Running job "示例任务 (trigger: interval[0:00:05], next run at: 2025-11-01 14:21:45 CST)" (scheduled at 2025-11-01 14:21:40.399578+08:00)
2025-11-01 14:21:40,405 - scheduler - INFO - 示例任务执行于: 2025-11-01 14:21:40.405123
2025-11-01 14:21:40,405 - apscheduler.executors.default - INFO - Job "示例任务 (trigger: interval[0:00:05], next run at: 2025-11-01 14:21:45 CST)" executed successfully
2025-11-01 14:21:45,405 - apscheduler.executors.default - INFO - Running job "示例任务 (trigger: interval[0:00:05], next run at: 2025-11-01 14:21:50 CST)" (scheduled at 2025-11-01 14:21:45.399578+08:00)
2025-11-01 14:21:45,405 - scheduler - INFO - 示例任务执行于: 2025-11-01 14:21:45.405704
2025-11-01 14:21:45,405 - apscheduler.executors.default - INFO - Job "示例任务 (trigger: interval[0:00:05], next run at: 2025-11-01 14:21:50 CST)" executed successfully
2025-11-01 14:21:50,401 - apscheduler.executors.default - INFO - Running job "示例任务 (trigger: interval[0:00:05], next run at: 2025-11-01 14:21:55 CST)" (scheduled at 2025-11-01 14:21:50.399578+08:00)
2025-11-01 14:21:50,401 - scheduler - INFO - 示例任务执行于: 2025-11-01 14:21:50.401318
2025-11-01 14:21:50,401 - apscheduler.executors.default - INFO - Job "示例任务 (trigger: interval[0:00:05], next run at: 2025-11-01 14:21:55 CST)" executed successfully
2025-11-01 14:21:55,401 - apscheduler.executors.default - INFO - Running job "示例任务 (trigger: interval[0:00:05], next run at: 2025-11-01 14:22:00 CST)" (scheduled at 2025-11-01 14:21:55.399578+08:00)
2025-11-01 14:21:55,401 - scheduler - INFO - 示例任务执行于: 2025-11-01 14:21:55.401814
2025-11-01 14:21:55,402 - apscheduler.executors.default - INFO - Job "示例任务 (trigger: interval[0:00:05], next run at: 2025-11-01 14:22:00 CST)" executed successfully
2025-11-01 14:22:00,402 - apscheduler.executors.default - INFO - Running job "示例任务 (trigger: interval[0:00:05], next run at: 2025-11-01 14:22:05 CST)" (scheduled at 2025-11-01 14:22:00.399578+08:00)
2025-11-01 14:22:00,403 - scheduler - INFO - 示例任务执行于: 2025-11-01 14:22:00.403040
2025-11-01 14:22:00,403 - apscheduler.executors.default - INFO - Job "示例任务 (trigger: interval[0:00:05], next run at: 2025-11-01 14:22:05 CST)" executed successfully
2025-11-01 14:22:05,402 - apscheduler.executors.default - INFO - Running job "示例任务 (trigger: interval[0:00:05], next run at: 2025-11-01 14:22:10 CST)" (scheduled at 2025-11-01 14:22:05.399578+08:00)
2025-11-01 14:22:05,402 - scheduler - INFO - 示例任务执行于: 2025-11-01 14:22:05.402728
2025-11-01 14:22:05,402 - apscheduler.executors.default - INFO - Job "示例任务 (trigger: interval[0:00:05], next run at: 2025-11-01 14:22:10 CST)" executed successfully
2025-11-01 14:22:10,404 - apscheduler.executors.default - INFO - Running job "示例任务 (trigger: interval[0:00:05], next run at: 2025-11-01 14:22:15 CST)" (scheduled at 2025-11-01 14:22:10.399578+08:00)
2025-11-01 14:22:10,405 - scheduler - INFO - 示例任务执行于: 2025-11-01 14:22:10.405286
2025-11-01 14:22:10,405 - apscheduler.executors.default - INFO - Job "示例任务 (trigger: interval[0:00:05], next run at: 2025-11-01 14:22:15 CST)" executed successfully
2025-11-01 14:22:15,404 - apscheduler.executors.default - INFO - Running job "示例任务 (trigger: interval[0:00:05], next run at: 2025-11-01 14:22:20 CST)" (scheduled at 2025-11-01 14:22:15.399578+08:00)
2025-11-01 14:22:15,405 - scheduler - INFO - 示例任务执行于: 2025-11-01 14:22:15.405225
2025-11-01 14:22:15,405 - apscheduler.executors.default - INFO - Job "示例任务 (trigger: interval[0:00:05], next run at: 2025-11-01 14:22:20 CST)" executed successfully
2025-11-01 14:22:20,401 - apscheduler.executors.default - INFO - Running job "示例任务 (trigger: interval[0:00:05], next run at: 2025-11-01 14:22:25 CST)" (scheduled at 2025-11-01 14:22:20.399578+08:00)
2025-11-01 14:22:20,401 - scheduler - INFO - 示例任务执行于: 2025-11-01 14:22:20.401977
2025-11-01 14:22:20,402 - apscheduler.executors.default - INFO - Job "示例任务 (trigger: interval[0:00:05], next run at: 2025-11-01 14:22:25 CST)" executed successfully
2025-11-01 14:22:25,402 - apscheduler.executors.default - INFO - Running job "示例任务 (trigger: interval[0:00:05], next run at: 2025-11-01 14:22:30 CST)" (scheduled at 2025-11-01 14:22:25.399578+08:00)
2025-11-01 14:22:25,402 - scheduler - INFO - 示例任务执行于: 2025-11-01 14:22:25.402747
2025-11-01 14:22:25,402 - apscheduler.executors.default - INFO - Job "示例任务 (trigger: interval[0:00:05], next run at: 2025-11-01 14:22:30 CST)" executed successfully
2025-11-01 14:22:30,405 - apscheduler.executors.default - INFO - Running job "示例任务 (trigger: interval[0:00:05], next run at: 2025-11-01 14:22:35 CST)" (scheduled at 2025-11-01 14:22:30.399578+08:00)
2025-11-01 14:22:30,405 - scheduler - INFO - 示例任务执行于: 2025-11-01 14:22:30.405533
2025-11-01 14:22:30,405 - apscheduler.executors.default - INFO - Job "示例任务 (trigger: interval[0:00:05], next run at: 2025-11-01 14:22:35 CST)" executed successfully
2025-11-01 14:22:35,404 - apscheduler.executors.default - INFO - Running job "示例任务 (trigger: interval[0:00:05], next run at: 2025-11-01 14:22:40 CST)" (scheduled at 2025-11-01 14:22:35.399578+08:00)
2025-11-01 14:22:35,404 - scheduler - INFO - 示例任务执行于: 2025-11-01 14:22:35.404463
2025-11-01 14:22:35,404 - apscheduler.executors.default - INFO - Job "示例任务 (trigger: interval[0:00:05], next run at: 2025-11-01 14:22:40 CST)" executed successfully
2025-11-01 14:22:40,405 - apscheduler.executors.default - INFO - Running job "示例任务 (trigger: interval[0:00:05], next run at: 2025-11-01 14:22:45 CST)" (scheduled at 2025-11-01 14:22:40.399578+08:00)
2025-11-01 14:22:40,405 - scheduler - INFO - 示例任务执行于: 2025-11-01 14:22:40.405742
2025-11-01 14:22:40,405 - apscheduler.executors.default - INFO - Job "示例任务 (trigger: interval[0:00:05], next run at: 2025-11-01 14:22:45 CST)" executed successfully
2025-11-01 14:22:45,401 - apscheduler.executors.default - INFO - Running job "示例任务 (trigger: interval[0:00:05], next run at: 2025-11-01 14:22:50 CST)" (scheduled at 2025-11-01 14:22:45.399578+08:00)
2025-11-01 14:22:45,402 - scheduler - INFO - 示例任务执行于: 2025-11-01 14:22:45.402331
2025-11-01 14:22:45,402 - apscheduler.executors.default - INFO - Job "示例任务 (trigger: interval[0:00:05], next run at: 2025-11-01 14:22:50 CST)" executed successfully
2025-11-01 14:22:50,404 - apscheduler.executors.default - INFO - Running job "示例任务 (trigger: interval[0:00:05], next run at: 2025-11-01 14:22:55 CST)" (scheduled at 2025-11-01 14:22:50.399578+08:00)
2025-11-01 14:22:50,405 - scheduler - INFO - 示例任务执行于: 2025-11-01 14:22:50.405025
2025-11-01 14:22:50,405 - apscheduler.executors.default - INFO - Job "示例任务 (trigger: interval[0:00:05], next run at: 2025-11-01 14:22:55 CST)" executed successfully
2025-11-01 14:22:55,400 - apscheduler.executors.default - INFO - Running job "示例任务 (trigger: interval[0:00:05], next run at: 2025-11-01 14:23:00 CST)" (scheduled at 2025-11-01 14:22:55.399578+08:00)
2025-11-01 14:22:55,400 - scheduler - INFO - 示例任务执行于: 2025-11-01 14:22:55.400793
2025-11-01 14:22:55,401 - apscheduler.executors.default - INFO - Job "示例任务 (trigger: interval[0:00:05], next run at: 2025-11-01 14:23:00 CST)" executed successfully
2025-11-01 14:23:00,403 - apscheduler.executors.default - INFO - Running job "示例任务 (trigger: interval[0:00:05], next run at: 2025-11-01 14:23:05 CST)" (scheduled at 2025-11-01 14:23:00.399578+08:00)
2025-11-01 14:23:00,403 - scheduler - INFO - 示例任务执行于: 2025-11-01 14:23:00.403801
2025-11-01 14:23:00,403 - apscheduler.executors.default - INFO - Job "示例任务 (trigger: interval[0:00:05], next run at: 2025-11-01 14:23:05 CST)" executed successfully
2025-11-01 14:23:05,402 - apscheduler.executors.default - INFO - Running job "示例任务 (trigger: interval[0:00:05], next run at: 2025-11-01 14:23:10 CST)" (scheduled at 2025-11-01 14:23:05.399578+08:00)
2025-11-01 14:23:05,402 - scheduler - INFO - 示例任务执行于: 2025-11-01 14:23:05.402558
2025-11-01 14:23:05,402 - apscheduler.executors.default - INFO - Job "示例任务 (trigger: interval[0:00:05], next run at: 2025-11-01 14:23:10 CST)" executed successfully
2025-11-01 14:23:10,404 - apscheduler.executors.default - INFO - Running job "示例任务 (trigger: interval[0:00:05], next run at: 2025-11-01 14:23:15 CST)" (scheduled at 2025-11-01 14:23:10.399578+08:00)
2025-11-01 14:23:10,404 - scheduler - INFO - 示例任务执行于: 2025-11-01 14:23:10.404972
2025-11-01 14:23:10,405 - apscheduler.executors.default - INFO - Job "示例任务 (trigger: interval[0:00:05], next run at: 2025-11-01 14:23:15 CST)" executed successfully
2025-11-01 14:23:15,405 - apscheduler.executors.default - INFO - Running job "示例任务 (trigger: interval[0:00:05], next run at: 2025-11-01 14:23:20 CST)" (scheduled at 2025-11-01 14:23:15.399578+08:00)
2025-11-01 14:23:15,405 - scheduler - INFO - 示例任务执行于: 2025-11-01 14:23:15.405783
2025-11-01 14:23:15,405 - apscheduler.executors.default - INFO - Job "示例任务 (trigger: interval[0:00:05], next run at: 2025-11-01 14:23:20 CST)" executed successfully
2025-11-01 14:23:20,401 - apscheduler.executors.default - INFO - Running job "示例任务 (trigger: interval[0:00:05], next run at: 2025-11-01 14:23:25 CST)" (scheduled at 2025-11-01 14:23:20.399578+08:00)
2025-11-01 14:23:20,402 - scheduler - INFO - 示例任务执行于: 2025-11-01 14:23:20.402110
2025-11-01 14:23:20,402 - apscheduler.executors.default - INFO - Job "示例任务 (trigger: interval[0:00:05], next run at: 2025-11-01 14:23:25 CST)" executed successfully
2025-11-01 14:23:25,405 - apscheduler.executors.default - INFO - Running job "示例任务 (trigger: interval[0:00:05], next run at: 2025-11-01 14:23:30 CST)" (scheduled at 2025-11-01 14:23:25.399578+08:00)
2025-11-01 14:23:25,405 - scheduler - INFO - 示例任务执行于: 2025-11-01 14:23:25.405694
2025-11-01 14:23:25,405 - apscheduler.executors.default - INFO - Job "示例任务 (trigger: interval[0:00:05], next run at: 2025-11-01 14:23:30 CST)" executed successfully
2025-11-01 14:23:30,401 - apscheduler.executors.default - INFO - Running job "示例任务 (trigger: interval[0:00:05], next run at: 2025-11-01 14:23:35 CST)" (scheduled at 2025-11-01 14:23:30.399578+08:00)
2025-11-01 14:23:30,402 - scheduler - INFO - 示例任务执行于: 2025-11-01 14:23:30.402252
2025-11-01 14:23:30,402 - apscheduler.executors.default - INFO - Job "示例任务 (trigger: interval[0:00:05], next run at: 2025-11-01 14:23:35 CST)" executed successfully
2025-11-01 14:23:35,404 - apscheduler.executors.default - INFO - Running job "示例任务 (trigger: interval[0:00:05], next run at: 2025-11-01 14:23:40 CST)" (scheduled at 2025-11-01 14:23:35.399578+08:00)
2025-11-01 14:23:35,404 - scheduler - INFO - 示例任务执行于: 2025-11-01 14:23:35.404881
2025-11-01 14:23:35,405 - apscheduler.executors.default - INFO - Job "示例任务 (trigger: interval[0:00:05], next run at: 2025-11-01 14:23:40 CST)" executed successfully
2025-11-01 14:23:40,403 - apscheduler.executors.default - INFO - Running job "示例任务 (trigger: interval[0:00:05], next run at: 2025-11-01 14:23:45 CST)" (scheduled at 2025-11-01 14:23:40.399578+08:00)
2025-11-01 14:23:40,403 - scheduler - INFO - 示例任务执行于: 2025-11-01 14:23:40.403658
2025-11-01 14:23:40,403 - apscheduler.executors.default - INFO - Job "示例任务 (trigger: interval[0:00:05], next run at: 2025-11-01 14:23:45 CST)" executed successfully
2025-11-01 14:23:45,405 - apscheduler.executors.default - INFO - Running job "示例任务 (trigger: interval[0:00:05], next run at: 2025-11-01 14:23:50 CST)" (scheduled at 2025-11-01 14:23:45.399578+08:00)
2025-11-01 14:23:45,405 - scheduler - INFO - 示例任务执行于: 2025-11-01 14:23:45.405787
2025-11-01 14:23:45,405 - apscheduler.executors.default - INFO - Job "示例任务 (trigger: interval[0:00:05], next run at: 2025-11-01 14:23:50 CST)" executed successfully
2025-11-01 14:23:50,405 - apscheduler.executors.default - INFO - Running job "示例任务 (trigger: interval[0:00:05], next run at: 2025-11-01 14:23:55 CST)" (scheduled at 2025-11-01 14:23:50.399578+08:00)
2025-11-01 14:23:50,405 - scheduler - INFO - 示例任务执行于: 2025-11-01 14:23:50.405810
2025-11-01 14:23:50,405 - apscheduler.executors.default - INFO - Job "示例任务 (trigger: interval[0:00:05], next run at: 2025-11-01 14:23:55 CST)" executed successfully
2025-11-01 14:23:55,401 - apscheduler.executors.default - INFO - Running job "示例任务 (trigger: interval[0:00:05], next run at: 2025-11-01 14:24:00 CST)" (scheduled at 2025-11-01 14:23:55.399578+08:00)
2025-11-01 14:23:55,402 - scheduler - INFO - 示例任务执行于: 2025-11-01 14:23:55.402034
2025-11-01 14:23:55,402 - apscheduler.executors.default - INFO - Job "示例任务 (trigger: interval[0:00:05], next run at: 2025-11-01 14:24:00 CST)" executed successfully
2025-11-01 14:24:00,400 - apscheduler.executors.default - INFO - Running job "示例任务 (trigger: interval[0:00:05], next run at: 2025-11-01 14:24:05 CST)" (scheduled at 2025-11-01 14:24:00.399578+08:00)
2025-11-01 14:24:00,400 - scheduler - INFO - 示例任务执行于: 2025-11-01 14:24:00.400686
2025-11-01 14:24:00,400 - apscheduler.executors.default - INFO - Job "示例任务 (trigger: interval[0:00:05], next run at: 2025-11-01 14:24:05 CST)" executed successfully
2025-11-01 14:24:05,402 - apscheduler.executors.default - INFO - Running job "示例任务 (trigger: interval[0:00:05], next run at: 2025-11-01 14:24:10 CST)" (scheduled at 2025-11-01 14:24:05.399578+08:00)
2025-11-01 14:24:05,402 - scheduler - INFO - 示例任务执行于: 2025-11-01 14:24:05.402909
2025-11-01 14:24:05,403 - apscheduler.executors.default - INFO - Job "示例任务 (trigger: interval[0:00:05], next run at: 2025-11-01 14:24:10 CST)" executed successfully
2025-11-01 14:24:10,402 - apscheduler.executors.default - INFO - Running job "示例任务 (trigger: interval[0:00:05], next run at: 2025-11-01 14:24:15 CST)" (scheduled at 2025-11-01 14:24:10.399578+08:00)
2025-11-01 14:24:10,403 - scheduler - INFO - 示例任务执行于: 2025-11-01 14:24:10.403011
2025-11-01 14:24:10,403 - apscheduler.executors.default - INFO - Job "示例任务 (trigger: interval[0:00:05], next run at: 2025-11-01 14:24:15 CST)" executed successfully
2025-11-01 14:24:15,404 - apscheduler.executors.default - INFO - Running job "示例任务 (trigger: interval[0:00:05], next run at: 2025-11-01 14:24:20 CST)" (scheduled at 2025-11-01 14:24:15.399578+08:00)
2025-11-01 14:24:15,404 - scheduler - INFO - 示例任务执行于: 2025-11-01 14:24:15.404878
2025-11-01 14:24:15,404 - apscheduler.executors.default - INFO - Job "示例任务 (trigger: interval[0:00:05], next run at: 2025-11-01 14:24:20 CST)" executed successfully
2025-11-01 14:24:20,405 - apscheduler.executors.default - INFO - Running job "示例任务 (trigger: interval[0:00:05], next run at: 2025-11-01 14:24:25 CST)" (scheduled at 2025-11-01 14:24:20.399578+08:00)
2025-11-01 14:24:20,405 - scheduler - INFO - 示例任务执行于: 2025-11-01 14:24:20.405744
2025-11-01 14:24:20,405 - apscheduler.executors.default - INFO - Job "示例任务 (trigger: interval[0:00:05], next run at: 2025-11-01 14:24:25 CST)" executed successfully
2025-11-01 14:24:25,402 - apscheduler.executors.default - INFO - Running job "示例任务 (trigger: interval[0:00:05], next run at: 2025-11-01 14:24:30 CST)" (scheduled at 2025-11-01 14:24:25.399578+08:00)
2025-11-01 14:24:25,402 - scheduler - INFO - 示例任务执行于: 2025-11-01 14:24:25.402500
2025-11-01 14:24:25,402 - apscheduler.executors.default - INFO - Job "示例任务 (trigger: interval[0:00:05], next run at: 2025-11-01 14:24:30 CST)" executed successfully
2025-11-01 14:24:30,404 - apscheduler.executors.default - INFO - Running job "示例任务 (trigger: interval[0:00:05], next run at: 2025-11-01 14:24:35 CST)" (scheduled at 2025-11-01 14:24:30.399578+08:00)
2025-11-01 14:24:30,404 - scheduler - INFO - 示例任务执行于: 2025-11-01 14:24:30.404952
2025-11-01 14:24:30,405 - apscheduler.executors.default - INFO - Job "示例任务 (trigger: interval[0:00:05], next run at: 2025-11-01 14:24:35 CST)" executed successfully
2025-11-01 14:24:35,405 - apscheduler.executors.default - INFO - Running job "示例任务 (trigger: interval[0:00:05], next run at: 2025-11-01 14:24:40 CST)" (scheduled at 2025-11-01 14:24:35.399578+08:00)
2025-11-01 14:24:35,405 - scheduler - INFO - 示例任务执行于: 2025-11-01 14:24:35.405781
2025-11-01 14:24:35,405 - apscheduler.executors.default - INFO - Job "示例任务 (trigger: interval[0:00:05], next run at: 2025-11-01 14:24:40 CST)" executed successfully
2025-11-01 14:24:40,404 - apscheduler.executors.default - INFO - Running job "示例任务 (trigger: interval[0:00:05], next run at: 2025-11-01 14:24:45 CST)" (scheduled at 2025-11-01 14:24:40.399578+08:00)
2025-11-01 14:24:40,404 - scheduler - INFO - 示例任务执行于: 2025-11-01 14:24:40.404700
2025-11-01 14:24:40,404 - apscheduler.executors.default - INFO - Job "示例任务 (trigger: interval[0:00:05], next run at: 2025-11-01 14:24:45 CST)" executed successfully
2025-11-01 14:24:45,402 - apscheduler.executors.default - INFO - Running job "示例任务 (trigger: interval[0:00:05], next run at: 2025-11-01 14:24:50 CST)" (scheduled at 2025-11-01 14:24:45.399578+08:00)
2025-11-01 14:24:45,403 - scheduler - INFO - 示例任务执行于: 2025-11-01 14:24:45.402995
2025-11-01 14:24:45,403 - apscheduler.executors.default - INFO - Job "示例任务 (trigger: interval[0:00:05], next run at: 2025-11-01 14:24:50 CST)" executed successfully
2025-11-01 14:24:50,405 - apscheduler.executors.default - INFO - Running job "示例任务 (trigger: interval[0:00:05], next run at: 2025-11-01 14:24:55 CST)" (scheduled at 2025-11-01 14:24:50.399578+08:00)
2025-11-01 14:24:50,405 - scheduler - INFO - 示例任务执行于: 2025-11-01 14:24:50.405645
2025-11-01 14:24:50,405 - apscheduler.executors.default - INFO - Job "示例任务 (trigger: interval[0:00:05], next run at: 2025-11-01 14:24:55 CST)" executed successfully
2025-11-01 14:24:55,405 - apscheduler.executors.default - INFO - Running job "示例任务 (trigger: interval[0:00:05], next run at: 2025-11-01 14:25:00 CST)" (scheduled at 2025-11-01 14:24:55.399578+08:00)
2025-11-01 14:24:55,405 - scheduler - INFO - 示例任务执行于: 2025-11-01 14:24:55.405760
2025-11-01 14:24:55,405 - apscheduler.executors.default - INFO - Job "示例任务 (trigger: interval[0:00:05], next run at: 2025-11-01 14:25:00 CST)" executed successfully
2025-11-01 14:25:00,402 - apscheduler.executors.default - INFO - Running job "示例任务 (trigger: interval[0:00:05], next run at: 2025-11-01 14:25:05 CST)" (scheduled at 2025-11-01 14:25:00.399578+08:00)
2025-11-01 14:25:00,402 - scheduler - INFO - 示例任务执行于: 2025-11-01 14:25:00.402336
2025-11-01 14:25:00,402 - apscheduler.executors.default - INFO - Job "示例任务 (trigger: interval[0:00:05], next run at: 2025-11-01 14:25:05 CST)" executed successfully
2025-11-01 14:25:05,402 - apscheduler.executors.default - INFO - Running job "示例任务 (trigger: interval[0:00:05], next run at: 2025-11-01 14:25:10 CST)" (scheduled at 2025-11-01 14:25:05.399578+08:00)
2025-11-01 14:25:05,402 - scheduler - INFO - 示例任务执行于: 2025-11-01 14:25:05.402908
2025-11-01 14:25:05,403 - apscheduler.executors.default - INFO - Job "示例任务 (trigger: interval[0:00:05], next run at: 2025-11-01 14:25:10 CST)" executed successfully
2025-11-01 14:25:10,401 - apscheduler.executors.default - INFO - Running job "示例任务 (trigger: interval[0:00:05], next run at: 2025-11-01 14:25:15 CST)" (scheduled at 2025-11-01 14:25:10.399578+08:00)
2025-11-01 14:25:10,401 - scheduler - INFO - 示例任务执行于: 2025-11-01 14:25:10.401744
2025-11-01 14:25:10,401 - apscheduler.executors.default - INFO - Job "示例任务 (trigger: interval[0:00:05], next run at: 2025-11-01 14:25:15 CST)" executed successfully
2025-11-01 14:25:15,404 - apscheduler.executors.default - INFO - Running job "示例任务 (trigger: interval[0:00:05], next run at: 2025-11-01 14:25:20 CST)" (scheduled at 2025-11-01 14:25:15.399578+08:00)
2025-11-01 14:25:15,405 - scheduler - INFO - 示例任务执行于: 2025-11-01 14:25:15.405071
2025-11-01 14:25:15,405 - apscheduler.executors.default - INFO - Job "示例任务 (trigger: interval[0:00:05], next run at: 2025-11-01 14:25:20 CST)" executed successfully
2025-11-01 14:25:20,405 - apscheduler.executors.default - INFO - Running job "示例任务 (trigger: interval[0:00:05], next run at: 2025-11-01 14:25:25 CST)" (scheduled at 2025-11-01 14:25:20.399578+08:00)
2025-11-01 14:25:20,405 - scheduler - INFO - 示例任务执行于: 2025-11-01 14:25:20.405729
2025-11-01 14:25:20,405 - apscheduler.executors.default - INFO - Job "示例任务 (trigger: interval[0:00:05], next run at: 2025-11-01 14:25:25 CST)" executed successfully
2025-11-01 14:25:25,401 - apscheduler.executors.default - INFO - Running job "示例任务 (trigger: interval[0:00:05], next run at: 2025-11-01 14:25:30 CST)" (scheduled at 2025-11-01 14:25:25.399578+08:00)
2025-11-01 14:25:25,402 - scheduler - INFO - 示例任务执行于: 2025-11-01 14:25:25.401976
2025-11-01 14:25:25,402 - apscheduler.executors.default - INFO - Job "示例任务 (trigger: interval[0:00:05], next run at: 2025-11-01 14:25:30 CST)" executed successfully
2025-11-01 14:25:30,404 - apscheduler.executors.default - INFO - Running job "示例任务 (trigger: interval[0:00:05], next run at: 2025-11-01 14:25:35 CST)" (scheduled at 2025-11-01 14:25:30.399578+08:00)
2025-11-01 14:25:30,405 - scheduler - INFO - 示例任务执行于: 2025-11-01 14:25:30.405164
2025-11-01 14:25:30,405 - apscheduler.executors.default - INFO - Job "示例任务 (trigger: interval[0:00:05], next run at: 2025-11-01 14:25:35 CST)" executed successfully
2025-11-01 14:25:35,402 - apscheduler.executors.default - INFO - Running job "示例任务 (trigger: interval[0:00:05], next run at: 2025-11-01 14:25:40 CST)" (scheduled at 2025-11-01 14:25:35.399578+08:00)
2025-11-01 14:25:35,402 - scheduler - INFO - 示例任务执行于: 2025-11-01 14:25:35.402640
2025-11-01 14:25:35,402 - apscheduler.executors.default - INFO - Job "示例任务 (trigger: interval[0:00:05], next run at: 2025-11-01 14:25:40 CST)" executed successfully
2025-11-01 14:25:40,405 - apscheduler.executors.default - INFO - Running job "示例任务 (trigger: interval[0:00:05], next run at: 2025-11-01 14:25:45 CST)" (scheduled at 2025-11-01 14:25:40.399578+08:00)
2025-11-01 14:25:40,405 - scheduler - INFO - 示例任务执行于: 2025-11-01 14:25:40.405529
2025-11-01 14:25:40,405 - apscheduler.executors.default - INFO - Job "示例任务 (trigger: interval[0:00:05], next run at: 2025-11-01 14:25:45 CST)" executed successfully
2025-11-01 14:25:45,405 - apscheduler.executors.default - INFO - Running job "示例任务 (trigger: interval[0:00:05], next run at: 2025-11-01 14:25:50 CST)" (scheduled at 2025-11-01 14:25:45.399578+08:00)
2025-11-01 14:25:45,405 - scheduler - INFO - 示例任务执行于: 2025-11-01 14:25:45.405794
2025-11-01 14:25:45,405 - apscheduler.executors.default - INFO - Job "示例任务 (trigger: interval[0:00:05], next run at: 2025-11-01 14:25:50 CST)" executed successfully
2025-11-01 14:25:50,404 - apscheduler.executors.default - INFO - Running job "示例任务 (trigger: interval[0:00:05], next run at: 2025-11-01 14:25:55 CST)" (scheduled at 2025-11-01 14:25:50.399578+08:00)
2025-11-01 14:25:50,404 - scheduler - INFO - 示例任务执行于: 2025-11-01 14:25:50.404952
2025-11-01 14:25:50,404 - apscheduler.executors.default - INFO - Job "示例任务 (trigger: interval[0:00:05], next run at: 2025-11-01 14:25:55 CST)" executed successfully
2025-11-01 14:25:55,402 - apscheduler.executors.default - INFO - Running job "示例任务 (trigger: interval[0:00:05], next run at: 2025-11-01 14:26:00 CST)" (scheduled at 2025-11-01 14:25:55.399578+08:00)
2025-11-01 14:25:55,403 - scheduler - INFO - 示例任务执行于: 2025-11-01 14:25:55.403100
2025-11-01 14:25:55,403 - apscheduler.executors.default - INFO - Job "示例任务 (trigger: interval[0:00:05], next run at: 2025-11-01 14:26:00 CST)" executed successfully
2025-11-01 14:26:00,405 - apscheduler.executors.default - INFO - Running job "示例任务 (trigger: interval[0:00:05], next run at: 2025-11-01 14:26:05 CST)" (scheduled at 2025-11-01 14:26:00.399578+08:00)
2025-11-01 14:26:00,405 - scheduler - INFO - 示例任务执行于: 2025-11-01 14:26:00.405372
2025-11-01 14:26:00,405 - apscheduler.executors.default - INFO - Job "示例任务 (trigger: interval[0:00:05], next run at: 2025-11-01 14:26:05 CST)" executed successfully
2025-11-01 14:26:00,911 - scheduler - INFO - 接收到中断信号，正在关闭调度器...
2025-11-01 14:26:00,912 - apscheduler.scheduler - INFO - Scheduler has been shut down
2025-11-01 14:26:00,912 - scheduler - INFO - 调度器已关闭
